<?xml version="1.0" encoding="UTF-8"?>
<!-- Generated by org.testng.reporters.JUnitXMLReporter -->
<testsuite ignored="1" hostname="DESKTOP-ERJ7LO5" failures="0" tests="1" name="Test" time="22.519" errors="0" timestamp="2024-09-03T11:17:50 IST">
  <testcase classname="testCases.AccountRegistrationSetup" name="verify_account_registration" time="3.175"/>
  <testcase classname="testCases.AccountLogin" name="verify_account_login" time="0.0">
    <ignored/>
  </testcase> <!-- verify_account_login -->
</testsuite> <!-- Test -->
