<?xml version="1.0" encoding="UTF-8"?>
<testng-results ignored="0" total="1" passed="1" failed="0" skipped="0">
  <reporter-output>
  </reporter-output>
  <suite started-at="2024-09-02T16:50:22 IST" name="Suite" finished-at="2024-09-02T16:50:31 IST" duration-ms="9110">
    <groups>
      <group name="Master">
        <method signature="AccountRegistrationSetup.verify_account_registration()[pri:0, instance:testCases.AccountRegistrationSetup@7dcf94f8]" name="verify_account_registration" class="testCases.AccountRegistrationSetup"/>
      </group> <!-- Master -->
      <group name="Regression">
        <method signature="AccountRegistrationSetup.verify_account_registration()[pri:0, instance:testCases.AccountRegistrationSetup@7dcf94f8]" name="verify_account_registration" class="testCases.AccountRegistrationSetup"/>
      </group> <!-- Regression -->
    </groups>
    <test started-at="2024-09-02T16:50:22 IST" name="Test" finished-at="2024-09-02T16:50:31 IST" duration-ms="9110">
      <class name="testCases.AccountRegistrationSetup">
        <test-method is-config="true" signature="setup(java.lang.String,java.lang.String)[pri:0, instance:testCases.AccountRegistrationSetup@7dcf94f8]" started-at="2024-09-02T16:50:22 IST" name="setup" finished-at="2024-09-02T16:50:29 IST" duration-ms="6623" status="PASS">
          <params>
            <param index="0">
              <value>
                <![CDATA[linux]]>
              </value>
            </param>
            <param index="1">
              <value>
                <![CDATA[chrome]]>
              </value>
            </param>
          </params>
          <reporter-output>
          </reporter-output>
        </test-method> <!-- setup -->
        <test-method signature="verify_account_registration()[pri:0, instance:testCases.AccountRegistrationSetup@7dcf94f8]" started-at="2024-09-02T16:50:29 IST" name="verify_account_registration" finished-at="2024-09-02T16:50:31 IST" duration-ms="2448" status="PASS">
          <reporter-output>
          </reporter-output>
        </test-method> <!-- verify_account_registration -->
      </class> <!-- testCases.AccountRegistrationSetup -->
    </test> <!-- Test -->
  </suite> <!-- Suite -->
</testng-results>
